Error - failed to retrieve executable path, falling back to getcwd() + argv[0]
Keymap: Setting up default keyboard mapping for host type 0 ()
Keymap: Default positional map is: sdl_pos.vkm
Keymap: Default symbolic map is: sdl_sym.vkm
ffmpeg avformat lib has version 3a4c64, VICE expects 3a4c64: full match
ffmpeg  avcodec lib has version 3a8664, VICE expects 3a8664: full match
ffmpeg   avutil lib has version 384664, VICE expects 384664: full match
ffmpeg  swscale lib has version 050964, VICE expects 050964: full match
ffmpeg swresample lib has version 030964, VICE expects 030964: full match

Setting resources to default...
Main CPU: Initializing chip model "MOS8565" (63 cycles per line, 312 raster lines).
Main CPU: VSP Bug: safe channels are: 03467. Emulation of memory corruption is disabled.
Loading system file `/usr/local/share/vice/PRINTER/mps803-D7811G-111-U32053A.bin'.
 
*** VICE Version 3.9 ***
 
Welcome to x64sc, the free portable C64 Emulator.
 
Current VICE team members:
Pottendo, Marco van den Heuvel, Fabrizio Gennari, Groepaz, Errol Smith, 
Ingo Korb, Olaf Seibert, Marcus Sutton, Kajtar Zsolt, AreaScout, Bas Wassink, 
Michael C. Martin, Christopher Phillips, David Hogan, Empathic Qubit, 
Roberto Muscedere, June Tate-Gans, Pablo Roldan.
 
This is free software with ABSOLUTELY NO WARRANTY.
See the "About VICE" command for more info.
 
Main: random seed was: 0x69160205
Main: command line was: x64sc -sound -sounddev soundmovie -soundarg example-1.mp4 -ffmpegaudiobitrate 128000 -ffmpegvideobitrate 2000000 -limitcycles 15000000 example-1.prg
Main: VICE system file directory: '/usr/local/share/vice'.
Main: VICE system file search path: '/Users/stevehill/.local/share/vice:/Users/stevehill/Projects/Code198x/code-samples/commodore-64/phase-1/tier-1/lesson-001:/usr/local/share/vice'.
Loading system file `/usr/local/share/vice/C64/kernal-901227-03.bin'.
C64MEM: Kernal rev #3 ($03) Sum: 50954 ($C70A) SHA1: 1d503e56df85a62fee696e7618dc5b4e781df1bb.
Loading system file `/usr/local/share/vice/C64/basic-901226-01.bin'.
Loading system file `/usr/local/share/vice/C64/chargen-901225-01.bin'.
Palette: Loading palette `/usr/local/share/vice/PRINTER/mps803.vpl'.
Loading system file `/usr/local/share/vice/PRINTER/nl10.bin'.
Palette: Loading palette `/usr/local/share/vice/PRINTER/nl10.vpl'.
NL10: Printer driver initialized.
Palette: Loading palette `/usr/local/share/vice/PRINTER/1520.vpl'.
Loading system file `/usr/local/share/vice/DRIVES/dos1540-325302+3-01.bin'.
Loading system file `/usr/local/share/vice/DRIVES/dos1541-325302-01+901229-05.bin'.
Loading system file `/usr/local/share/vice/DRIVES/dos1541ii-251968-03.bin'.
Loading system file `/usr/local/share/vice/DRIVES/dos1570-315090-01.bin'.
Loading system file `/usr/local/share/vice/DRIVES/dos1571-310654-05.bin'.
Loading system file `/usr/local/share/vice/DRIVES/dos1581-318045-02.bin'.
DriveROM: Error - 2000 ROM image not found. Hardware-level 2000 emulation is not available.
DriveROM: Error - 4000 ROM image not found. Hardware-level 4000 emulation is not available.
DriveROM: Error - CMDHD ROM image not found. Hardware-level CMDHD emulation is not available.
Loading system file `/usr/local/share/vice/DRIVES/dos2031-901484-03+05.bin'.
Loading system file `/usr/local/share/vice/DRIVES/dos2040-901468-06+07.bin'.
Loading system file `/usr/local/share/vice/DRIVES/dos3040-901468-11-13.bin'.
Loading system file `/usr/local/share/vice/DRIVES/dos4040-901468-14-16.bin'.
Loading system file `/usr/local/share/vice/DRIVES/dos1001-901887+8-01.bin'.
Loading system file `/usr/local/share/vice/DRIVES/dos9000-300516+7-revC.bin'.
Drive: Finished loading ROM images.
VIC-II: Initializing chip model "MOS8565" (63 cycles per line, 312 raster lines).
Sound: Available sound devices: coreaudio sdl dummy fs dump wav voc iff aiff mp3 flac ogg soundmovie
SDLJoystick: No joysticks found
Hotkeys: Initializing hotkeys.
Hotkeys: parsing default file '/usr/local/share/vice/hotkeys/hotkeys.vhk' for machine C64
Hotkeys: OK.
Keymap: Loading keymap `/usr/local/share/vice/C64/sdl_sym.vkm'.
SDLVideo: Available backends: metal opengl opengles2 software 
SDLVideo: VSync is enabled.
SDLVideo: SDL2 backend driver selected: metal
SDLVideo: VICII (active) 768x544 32bpp 

Main CPU: starting at ($FFFC).
Main CPU: RESET.
VIC-II: VSP Bug: safe channels are: 16. Emulation of memory corruption is disabled.
AUTOSTART: Autodetecting image type of `example-1.prg'.
Filesystem Image Probe: Error - Import GCR: Unknown GCR image version 50.
Filesystem Image: Unknown disk image `example-1.prg'.
Tape: Error - Cannot open file `example-1.prg'
Error - could not read CRT header.
CART: '/Users/stevehill/Projects/Code198x/code-samples/commodore-64/phase-1/tier-1/lesson-001/example-1.prg' is not a valid CRT file.
AUTOSTART: Loading PRG file `example-1.prg' with autostart disk image.
AUTOSTART: Resetting drive 8
AUTOSTART: Resetting the machine to autostart 'EXAMPLE-1'
VIC-II: VSP Bug: safe channels are: 0134. Emulation of memory corruption is disabled.
AUTOSTART: Turning Warp mode on.
AUTOSTART: `example-1.prg' recognized as program/p00 file.
Main CPU: RESET.
Sound: Closing device `soundmovie'
Sound: initialization failed for device `soundmovie'.
VSync: Sync reset
Unit 8: RESET.
AUTOSTART: Loading program 'EXAMPLE-1'
AUTOSTART: Entered ROM at $e5d4
AUTOSTART: Searching for ...
AUTOSTART: Loading
AUTOSTART: Entered ROM at $ea21
AUTOSTART: Ready
AUTOSTART: Turning Warp mode off.
AUTOSTART: Starting program.
AUTOSTART: Restoring FileSystemDevice8 to 1.
AUTOSTART: Restoring FSDevice8ConvertP00 to 1.
AUTOSTART: Restoring FSDeviceLongNames to 0.
AUTOSTART: Done.
VSync: Sync reset
Main CPU: Error - cycle limit reached.

Resources with non default values:
SoundDeviceName="soundmovie"
SoundDeviceArg="example-1.mp4"
Sound=0
VICIIGLFilter=1
FFMPEGAudioBitrate=128000
FFMPEGVideoBitrate=2000000

reconstructed commandline options (might be incomplete):
-default +sound -sounddev "soundmovie" -soundarg "example-1.mp4" -VICIIglfilter "1" -ffmpegaudiobitrate "128000" -ffmpegvideobitrate "2000000"


Exiting...
VIC-II: VSP Bug: safe channels are: 46. Emulation of memory corruption is disabled.
Hotkeys: shutting down.

